
> reverse-game@0.1.0 dev
> next dev

⚠ Port 3000 is in use by an unknown process, using available port 3001 instead.
⚠ Warning: Next.js inferred your workspace root, but it may not be correct.
 We detected multiple lockfiles and selected the directory of /home/kusutohu/package-lock.json as the root directory.
 To silence this warning, set `turbopack.root` in your Next.js config, or consider removing one of the lockfiles if it's not needed.
   See https://nextjs.org/docs/app/api-reference/config/next-config-js/turbopack#root-directory for more information.
 Detected additional lockfiles: 
   * /home/kusutohu/Utakingdom/reverse-game/package-lock.json

▲ Next.js 16.1.1 (Turbopack)
- Local:         http://localhost:3001
- Network:       http://172.23.52.252:3001
- Environments: .env.local

✓ Starting...
✓ Ready in 919ms
 GET / 200 in 1864ms (compile: 1672ms, render: 192ms)
 GET /room/1CX30V?username=test 200 in 832ms (compile: 799ms, render: 33ms)
 GET / 200 in 39ms (compile: 3ms, render: 36ms)
 GET /room/RJ7SY1?username=test 200 in 48ms (compile: 28ms, render: 20ms)
 GET /room/RJ7SY1?username=test 200 in 98ms (compile: 26ms, render: 72ms)
 GET /room/RJ7SY1?username=aaaa 200 in 64ms (compile: 27ms, render: 37ms)
✓ Compiled in 22ms
✓ Compiled in 17ms
✓ Compiled in 33ms
 GET /room/RJ7SY1?username=test 200 in 206ms (compile: 80ms, render: 126ms)
✓ Compiled in 20ms
 GET / 200 in 21ms (compile: 4ms, render: 17ms)
 GET / 200 in 37ms (compile: 4ms, render: 33ms)
✓ Compiled in 428ms
 GET / 200 in 208ms (compile: 3ms, render: 205ms)
 GET /room/RJ7SY1?username=aaaa 200 in 211ms (compile: 125ms, render: 86ms)
✓ Compiled in 17ms
 GET /room/RJ7SY1?username=test 200 in 149ms (compile: 86ms, render: 63ms)
 GET /room/RJ7SY1?username=aaaa 200 in 171ms (compile: 88ms, render: 83ms)
 GET /room/RJ7SY1?username=test 200 in 26ms (compile: 4ms, render: 22ms)
✓ Compiled in 17ms
 GET /room/RJ7SY1?username=aaaa 200 in 285ms (compile: 110ms, render: 174ms)
 GET /room/RJ7SY1?username=aaaa 200 in 200ms (compile: 111ms, render: 89ms)
 GET /room/RJ7SY1?username=test 200 in 222ms (compile: 185ms, render: 38ms)
 GET /room/RJ7SY1?username=test 200 in 124ms (compile: 34ms, render: 91ms)
 GET /room/RJ7SY1?username=test 200 in 81ms (compile: 38ms, render: 42ms)
 GET / 200 in 18ms (compile: 3ms, render: 15ms)
 GET /room/Y4HZGN?username=touhu 200 in 62ms (compile: 41ms, render: 21ms)
 GET /room/Y4HZGN?username=touhu 200 in 72ms (compile: 37ms, render: 35ms)
 GET /room/Y4HZGN?username=abc 200 in 76ms (compile: 38ms, render: 38ms)
✓ Compiled in 30ms
✓ Compiled in 21ms
✓ Compiled in 20ms
✓ Compiled in 39ms
 GET /room/Y4HZGN?username=touhu 200 in 241ms (compile: 95ms, render: 147ms)
 GET /room/Y4HZGN?username=abc 200 in 67ms (compile: 32ms, render: 35ms)
 GET /room/Y4HZGN?username=touhu 200 in 88ms (compile: 39ms, render: 50ms)
 GET /room/Y4HZGN?username=touhu 200 in 77ms (compile: 37ms, render: 40ms)
 GET / 200 in 39ms (compile: 3ms, render: 36ms)
 GET /room/PM8Y3K?username=test 200 in 51ms (compile: 33ms, render: 18ms)
 GET /room 404 in 471ms (compile: 410ms, render: 61ms)
 GET / 200 in 35ms (compile: 3ms, render: 31ms)
 GET /room/LUON89?username=test 200 in 68ms (compile: 47ms, render: 21ms)
 GET /room 404 in 31ms (compile: 3ms, render: 28ms)
 GET / 200 in 28ms (compile: 3ms, render: 25ms)
 GET /room/W6PROC?username=aaaa 200 in 46ms (compile: 32ms, render: 13ms)
 GET /room/LUON89?username=aaaa 200 in 47ms (compile: 33ms, render: 14ms)
✓ Compiled in 24ms
✓ Compiled in 23ms
✓ Compiled in 20ms
⚠ Fast Refresh had to perform a full reload due to a runtime error.
✓ Compiled in 22ms
⨯ ReferenceError: hostId is not defined
    at RoomPage (app/room/[roomId]/page.tsx:301:22)
  299 |       <div className="fixed bottom-0 left-0 right-0 bg-black/80 text-green-400 p-2 font-mono text-[10px] flex gap-4 overflow-x-auto whitespace-nowrap z-50">
  300 |         <span>ID: {myId}</span>
> 301 |         <span>Host: {hostId} ({isHost ? 'ME' : 'OTHER'})</span>
      |                      ^
  302 |         <span>Players: {players.length}</span>
  303 |         <span>Subs: {Object.keys(submissions).length}</span>
  304 |         <span>Answers: {Object.keys(answers).length}</span> {
  digest: '372444077'
}
⚠ Fast Refresh had to perform a full reload due to a runtime error.
⨯ ReferenceError: hostId is not defined
    at RoomPage (app/room/[roomId]/page.tsx:301:22)
  299 |       <div className="fixed bottom-0 left-0 right-0 bg-black/80 text-green-400 p-2 font-mono text-[10px] flex gap-4 overflow-x-auto whitespace-nowrap z-50">
  300 |         <span>ID: {myId}</span>
> 301 |         <span>Host: {hostId} ({isHost ? 'ME' : 'OTHER'})</span>
      |                      ^
  302 |         <span>Players: {players.length}</span>
  303 |         <span>Subs: {Object.keys(submissions).length}</span>
  304 |         <span>Answers: {Object.keys(answers).length}</span> {
  digest: '372444077'
}
 GET /room/LUON89?username=test 500 in 465ms (compile: 104ms, render: 361ms)
 GET /room/LUON89?username=aaaa 500 in 118ms (compile: 4ms, render: 114ms)
⚠ Fast Refresh had to perform a full reload due to a runtime error.
⚠ Fast Refresh had to perform a full reload due to a runtime error.
✓ Compiled in 21ms
 GET /room/LUON89?username=test 200 in 338ms (compile: 108ms, render: 230ms)
 GET /room/LUON89?username=aaaa 200 in 82ms (compile: 4ms, render: 78ms)
 GET /room/LUON89?username=test 200 in 79ms (compile: 39ms, render: 39ms)
 GET /room/LUON89?username=aaaa 200 in 69ms (compile: 37ms, render: 32ms)
 GET / 200 in 123ms (compile: 67ms, render: 56ms)
 GET /room/6Q5QFX?username=test&isCreator=true 200 in 50ms (compile: 36ms, render: 14ms)
 GET /room/6Q5QFX?username=test&isCreator=true 200 in 77ms (compile: 45ms, render: 32ms)
 GET /room/6Q5QFX?username=test&isCreator=aaaa 200 in 92ms (compile: 40ms, render: 51ms)
 GET /room/6Q5QFX?username=test&isCreator=true 200 in 84ms (compile: 46ms, render: 38ms)
 GET /room/6Q5QFX?username=aaaa&isCreator=true 200 in 82ms (compile: 41ms, render: 41ms)
 GET /room/6Q5QFX?username=aaaa&isCreator=true 200 in 87ms (compile: 39ms, render: 48ms)
 GET /room/6Q5QFX?username=aaaa 200 in 129ms (compile: 66ms, render: 62ms)
 GET /room/6Q5QFX?username=aaaa 200 in 93ms (compile: 51ms, render: 42ms)
✓ Compiled in 30ms
✓ Compiled in 31ms
✓ Compiled in 35ms
✓ Compiled in 20ms
✓ Compiled in 26ms
 GET / 200 in 92ms (compile: 3ms, render: 89ms)
 GET / 200 in 39ms (compile: 3ms, render: 35ms)
 GET /room/SPU6YX?username=tohu&isCreator=true 200 in 177ms (compile: 109ms, render: 69ms)
 GET /room/SPU6YX?username=test&isCreator=false 200 in 65ms (compile: 46ms, render: 19ms)
✓ Compiled in 24ms
✓ Compiled in 29ms
 GET /room/SPU6YX?username=test&isCreator=false 200 in 355ms (compile: 108ms, render: 247ms)
 GET /room/6Q5QFX?username=aaaa 200 in 357ms (compile: 178ms, render: 179ms)
 GET /room/SPU6YX?username=tohu&isCreator=true 200 in 186ms (compile: 34ms, render: 152ms)
 GET /room/SPU6YX?username=test&isCreator=false 200 in 208ms (compile: 7ms, render: 200ms)
 GET /room/6Q5QFX?username=aaaa 200 in 205ms (compile: 27ms, render: 179ms)
 GET /room/SPU6YX?username=tohu&isCreator=true 200 in 185ms (compile: 33ms, render: 152ms)
 GET /room/SPU6YX?username=test&isCreator=false 200 in 93ms (compile: 6ms, render: 87ms)
 GET /room/6Q5QFX?username=aaaa 200 in 92ms (compile: 28ms, render: 64ms)
 GET /room/SPU6YX?username=tohu&isCreator=true 200 in 71ms (compile: 32ms, render: 39ms)
 GET / 200 in 144ms (compile: 80ms, render: 64ms)
 GET / 200 in 20ms (compile: 3ms, render: 17ms)
 GET /room/T6N6OH?username=%E3%81%A8%E3%81%86%E3%81%B5&isCreator=true 200 in 86ms (compile: 54ms, render: 32ms)
 GET /room/T6N6OH?username=test&isCreator=false 200 in 77ms (compile: 52ms, render: 25ms)
 GET /room/T6N6OH?username=test&isCreator=false 200 in 203ms (compile: 52ms, render: 151ms)
 GET /room/T6N6OH?username=%E3%81%A8%E3%81%86%E3%81%B5&isCreator=true 200 in 129ms (compile: 65ms, render: 64ms)
✓ Compiled in 27ms
✓ Compiled in 75ms
✓ Compiled in 30ms
✓ Compiled in 67ms
⚠ Fast Refresh had to perform a full reload due to a runtime error.
✓ Compiled in 61ms
⚠ Fast Refresh had to perform a full reload due to a runtime error.
 GET /room/6Q5QFX?username=aaaa 200 in 619ms (compile: 203ms, render: 416ms)
 GET /room/T6N6OH?username=test&isCreator=false 200 in 329ms (compile: 10ms, render: 319ms)
 GET /room/T6N6OH?username=%E3%81%A8%E3%81%86%E3%81%B5&isCreator=true 200 in 329ms (compile: 252ms, render: 76ms)
 GET / 200 in 24ms (compile: 5ms, render: 20ms)
 GET / 200 in 27ms (compile: 5ms, render: 22ms)
 GET /room/ELM9IB?username=%E3%81%A8%E3%81%86%E3%81%B5&isCreator=true 200 in 67ms (compile: 46ms, render: 21ms)
 GET /room/ELM9IB?username=%E3%83%86%E3%82%B9%E3%83%88&isCreator=false 200 in 69ms (compile: 45ms, render: 24ms)
 GET /room/ELM9IB?username=%E3%83%86%E3%82%B9%E3%83%88&isCreator=false 200 in 125ms (compile: 60ms, render: 65ms)
 GET /room/ELM9IB?username=%E3%81%A8%E3%81%86%E3%81%B5&isCreator=true 200 in 118ms (compile: 62ms, render: 56ms)
 GET /room/ELM9IB?username=%E3%83%86%E3%82%B9%E3%83%88&isCreator=false 200 in 113ms (compile: 58ms, render: 55ms)
 GET /room/ELM9IB?username=aaaa&isCreator=false 200 in 84ms (compile: 44ms, render: 39ms)
✓ Compiled in 44ms
✓ Compiled in 37ms
✓ Compiled in 40ms
✓ Compiled in 37ms
 GET /room/ELM9IB?username=%E3%81%A8%E3%81%86%E3%81%B5&isCreator=true 200 in 387ms (compile: 113ms, render: 274ms)
 GET /room/ELM9IB?username=%E3%81%86%E3%81%B5&isCreator=true 200 in 98ms (compile: 46ms, render: 53ms)
 GET /room/ELM9IB?username=%86%E3%81%B5&isCreator=true 200 in 104ms (compile: 51ms, render: 53ms)
 GET /room/ELM9IB?username=%86%E3%81%B5&isCreator=false 200 in 96ms (compile: 47ms, render: 50ms)
 GET /room/ELM9IB?username=aaaaisCreator=false 200 in 104ms (compile: 51ms, render: 53ms)
 GET /room/ELM9IB?username=aaaais?Creator=false 200 in 91ms (compile: 50ms, render: 40ms)
 GET /room/ELM9IB?username=aaaais&Creator=false 200 in 80ms (compile: 41ms, render: 38ms)
 GET /room/ELM9IB?username=aaaais&isCreator=false 200 in 89ms (compile: 42ms, render: 48ms)
 GET / 200 in 144ms (compile: 75ms, render: 69ms)
 GET /room/V24CSR?username=test&isCreator=true 200 in 62ms (compile: 43ms, render: 19ms)
 GET / 200 in 84ms (compile: 3ms, render: 81ms)
 GET /room/V24CSR?username=tttt&isCreator=false 200 in 74ms (compile: 55ms, render: 19ms)
 GET / 200 in 35ms (compile: 3ms, render: 32ms)
 GET /room/V24CSR?username=asd&isCreator=false 200 in 70ms (compile: 49ms, render: 21ms)
 GET /room/P6RAW2?username=aaaaaa&isCreator=true 200 in 62ms (compile: 42ms, render: 20ms)
 GET /room/P6RAW2?username=ssss&isCreator=false 200 in 62ms (compile: 43ms, render: 19ms)
 GET /room/P6RAW2?username=dddddddd&isCreator=false 200 in 68ms (compile: 47ms, render: 21ms)
 GET / 200 in 63ms (compile: 5ms, render: 59ms)
 GET /room/9AY0BI?username=aaaaaa&isCreator=true 200 in 69ms (compile: 48ms, render: 22ms)
 GET /room/9AY0BI?username=333&isCreator=false 200 in 71ms (compile: 45ms, render: 26ms)
 GET /room/9AY0BI?username=2222&isCreator=false 200 in 97ms (compile: 65ms, render: 31ms)
✓ Compiled in 26ms
✓ Compiled in 25ms
✓ Compiled in 28ms
✓ Compiled in 28ms
✓ Compiled in 129ms
 GET /room/UK65AJ?username=aaaaa&isCreator=true 200 in 174ms (compile: 112ms, render: 62ms)
 GET /room/UK65AJ?username=ssss&isCreator=false 200 in 78ms (compile: 52ms, render: 26ms)
 GET /room/UK65AJ?username=dddddddd&isCreator=false 200 in 91ms (compile: 58ms, render: 33ms)
 GET /room/UK65AJ?username=ssss&isCreator=false 200 in 229ms (compile: 54ms, render: 176ms)
 GET /room/UK65AJ?username=aaaaa&isCreator=true 200 in 111ms (compile: 59ms, render: 53ms)
✓ Compiled in 54ms
 GET /room/UK65AJ?username=ssss&isCreator=false 200 in 400ms (compile: 126ms, render: 274ms)
 GET /room/UK65AJ?username=aaaaa&isCreator=true 200 in 105ms (compile: 54ms, render: 51ms)
 GET /room/UK65AJ?username=dddddddd&isCreator=false 200 in 108ms (compile: 55ms, render: 53ms)
 GET /room/UK65AJ?username=dddddddd&isCreator=false 200 in 143ms (compile: 77ms, render: 66ms)
 GET /room/UK65AJ?username=dddddddd&isCreator=false 200 in 108ms (compile: 61ms, render: 47ms)
 GET /room/UK65AJ?username=dddddddd&isCreator=false 200 in 100ms (compile: 57ms, render: 43ms)
 GET /room/UK65AJ?username=dddddddd&isCreator=false 200 in 102ms (compile: 64ms, render: 38ms)
 GET /room/UK65AJ?username=aaaaa&isCreator=true 200 in 258ms (compile: 126ms, render: 132ms)
✓ Compiled in 131ms
✓ Compiled in 34ms
 GET / 200 in 106ms (compile: 18ms, render: 87ms)
 GET / 200 in 30ms (compile: 5ms, render: 25ms)
 GET / 200 in 20ms (compile: 5ms, render: 15ms)
 GET /room/4EW2WB?username=aaaa&isCreator=true 200 in 793ms (compile: 705ms, render: 88ms)
 GET /room/4EW2WB?username=vvvv&isCreator=false 200 in 86ms (compile: 64ms, render: 22ms)
 GET /room/4EW2WB?username=ssss&isCreator=false 200 in 87ms (compile: 66ms, render: 21ms)
 GET /room/03QUZM?username=aaaaa&isCreator=true 200 in 91ms (compile: 62ms, render: 29ms)
 GET /room/03QUZM?username=ssss&isCreator=false 200 in 116ms (compile: 78ms, render: 39ms)
 GET /room/03QUZM?username=dddddddd&isCreator=false 200 in 91ms (compile: 65ms, render: 26ms)
 GET /room/YEYJCY?username=aaaaa&isCreator=true 200 in 77ms (compile: 56ms, render: 21ms)
 GET /room/YEYJCY?username=YEYJCYd&isCreator=false 200 in 80ms (compile: 57ms, render: 23ms)
 GET /room/YEYJCY?username=ss&isCreator=false 200 in 105ms (compile: 76ms, render: 28ms)
 GET /room/YEYJCY?username=aaaaa&isCreator=true 200 in 785ms (compile: 74ms, render: 711ms)
 GET /room/YEYJCY?username=ss&isCreator=false 200 in 143ms (compile: 79ms, render: 65ms)
 GET /studio?room=33d240f0baca 404 in 494ms (compile: 318ms, render: 176ms)
 GET / 200 in 62ms (compile: 9ms, render: 53ms)
 GET / 200 in 31ms (compile: 3ms, render: 27ms)
  Reload env: .env.local
 GET / 200 in 706ms (compile: 633ms, render: 73ms)
  Reload env: .env.local
✓ Compiled in 60ms
 GET / 200 in 148ms (compile: 81ms, render: 66ms)
  Reload env: .env.local
✓ Compiled in 40ms
 GET / 200 in 117ms (compile: 57ms, render: 60ms)
